info it worked if it ends with ok
info using fhc@0.7.21-180
info using node@v0.8.8
silly config file /Users/kxiang/.fhcrc
silly config file /usr/local/etc/fhcrc
silly act params {}
verbose feedhenry url https://valueretail.feedhenry.com
silly POST box/srv/1.1/ide/valueretail/app/read
silly url, unparsed https://valueretail.feedhenry.com/
verbose resolveUrl - IN box/srv/1.1/ide/valueretail/app/read
verbose resolveUrl - OUT https://valueretail.feedhenry.com/box/srv/1.1/ide/valueretail/app/read
verbose calling url https://valueretail.feedhenry.com/box/srv/1.1/ide/valueretail/app/read payload: { payload: { guid: 'MCFT-EpFOylzONorQuORVskM' } }
silly port 443
silly cookie feedhenry=DxfLIwfCJuqMS0BHUq6LH8Pg;
silly nocache false
silly explain level 0
verbose getHeaders { accept: 'application/json',
verbose getHeaders   cookie: 'feedhenry=DxfLIwfCJuqMS0BHUq6LH8Pg;',
verbose getHeaders   'User-Agent': 'FHC/0.7.21-180 darwin/11.4.2',
verbose getHeaders   'content-type': 'application/json',
verbose getHeaders   'content-length': 47 }
verbose what... { payload: { guid: 'MCFT-EpFOylzONorQuORVskM' } }
silly writing json { payload: { guid: 'MCFT-EpFOylzONorQuORVskM' } }
silly headers { accept: 'application/json',
silly headers   cookie: 'feedhenry=DxfLIwfCJuqMS0BHUq6LH8Pg;',
silly headers   'User-Agent': 'FHC/0.7.21-180 darwin/11.4.2',
silly headers   'content-type': 'application/json',
silly headers   'content-length': 47 }
silly getProxy null
silly response headers { date: 'Tue, 25 Jun 2013 21:16:48 GMT',
silly response headers   expires: 'Sat, 6 May 1995 12:00:00 GMT',
silly response headers   'cache-control': 'no-store, no-cache, must-revalidate',
silly response headers   p3p: 'CP="ALL ADM DEV PSAi COM OUR OTRo STP IND ONL" policyref="/box/p3p.xml"',
silly response headers   pragma: 'no-cache',
silly response headers   'last-modified': 'Tue, 25 Jun 2013 21:16:48 GMT',
silly response headers   etag: '"a63DTaSILTXCmkJOzfNWjk"',
silly response headers   'content-type': 'application/json;charset=UTF-8',
silly response headers   'content-length': '1226',
silly response headers   vary: 'Accept-Encoding',
silly response headers   connection: 'close' }
silly Act call appEnv development
silly Act call appId MCFT-EpFOylzONorQuORVskM
silly Act call funct gen
silly Act call data {}
verbose feedhenry url https://valueretail.feedhenry.com/
silly POST box/srv/1.1/ide/valueretail/app/hosts
silly url, unparsed https://valueretail.feedhenry.com/
verbose resolveUrl - IN box/srv/1.1/ide/valueretail/app/hosts
verbose resolveUrl - OUT https://valueretail.feedhenry.com/box/srv/1.1/ide/valueretail/app/hosts
verbose calling url https://valueretail.feedhenry.com/box/srv/1.1/ide/valueretail/app/hosts payload: { payload: { guid: 'MCFT-EpFOylzONorQuORVskM' } }
silly port 443
silly cookie feedhenry=DxfLIwfCJuqMS0BHUq6LH8Pg;
silly nocache false
silly explain level 0
verbose getHeaders { accept: 'application/json',
verbose getHeaders   cookie: 'feedhenry=DxfLIwfCJuqMS0BHUq6LH8Pg;',
verbose getHeaders   'User-Agent': 'FHC/0.7.21-180 darwin/11.4.2',
verbose getHeaders   'content-type': 'application/json',
verbose getHeaders   'content-length': 47 }
verbose what... { payload: { guid: 'MCFT-EpFOylzONorQuORVskM' } }
silly writing json { payload: { guid: 'MCFT-EpFOylzONorQuORVskM' } }
silly headers { accept: 'application/json',
silly headers   cookie: 'feedhenry=DxfLIwfCJuqMS0BHUq6LH8Pg;',
silly headers   'User-Agent': 'FHC/0.7.21-180 darwin/11.4.2',
silly headers   'content-type': 'application/json',
silly headers   'content-length': 47 }
silly getProxy null
silly response headers { date: 'Tue, 25 Jun 2013 21:16:48 GMT',
silly response headers   expires: 'Sat, 6 May 1995 12:00:00 GMT',
silly response headers   'cache-control': 'no-store, no-cache, must-revalidate',
silly response headers   p3p: 'CP="ALL ADM DEV PSAi COM OUR OTRo STP IND ONL" policyref="/box/p3p.xml"',
silly response headers   pragma: 'no-cache',
silly response headers   'last-modified': 'Tue, 25 Jun 2013 21:16:49 GMT',
silly response headers   etag: '"10DPYH2UIYk0SSxJXu1BMk"',
silly response headers   'content-type': 'application/json;charset=UTF-8',
silly response headers   'content-length': '411',
silly response headers   vary: 'Accept-Encoding',
silly response headers   connection: 'close' }
silly hosts { hosts: 
silly hosts    { 'development-dyno': 'valueretail',
silly hosts      'development-name': 'valueretail-mcft0epfoylzonorquorvskm-dev',
silly hosts      'development-url': 'https://valueretail-mcft0epfoylzonorquorvskm-dev_valueretail.df.dev.e111.feedhenry.net',
silly hosts      'live-dyno': 'valueretail',
silly hosts      'live-name': 'valueretail-mcft0epfoylzonorquorvskm-live',
silly hosts      'live-url': 'https://valueretail-mcft0epfoylzonorquorvskm-live_valueretail.df.live.e111.feedhenry.net' },
silly hosts   status: 'ok' }
silly Act call appName valueretail-mcft0epfoylzonorquorvskm-dev
verbose Act call appUrl https://valueretail-mcft0epfoylzonorquorvskm-dev_valueretail.df.dev.e111.feedhenry.net/cloud/gen
verbose Act call response statusCode 500
silly Act call response body { msg: 'Internal error in gen: TypeError: Object #<Object> has no method \'exists\'',
silly Act call response body   error: '{}' }
ERR! Bad response: { msg: 'Internal error in gen: TypeError: Object #<Object> has no method \'exists\'',
ERR!   error: '{}' } code: 500
verbose exit [ 1, true ]
