info it worked if it ends with ok
verbose cli [ 'node', '/usr/local/bin/npm', 'install', '.' ]
info using npm@1.1.0-alpha-6
info using node@v0.8.8
verbose config file /Users/kxiang/.npmrc
verbose config file /usr/local/etc/npmrc
verbose config file /usr/local/lib/node_modules/npm/npmrc
ERR! Couldn't read dependencies.
ERR! Error: ENOENT, open '/Users/kxiang/work/fhthumbnailtest/package.json'
ERR! Report this *entire* log at:
ERR!     <http://github.com/isaacs/npm/issues>
ERR! or email it to:
ERR!     <npm-@googlegroups.com>
ERR! 
ERR! System Darwin 11.4.2
ERR! command "node" "/usr/local/bin/npm" "install" "."
ERR! cwd /Users/kxiang/work/fhthumbnailtest
ERR! node -v v0.8.8
ERR! npm -v 1.1.0-alpha-6
ERR! path /Users/kxiang/work/fhthumbnailtest/package.json
ERR! code ENOENT
ERR! message ENOENT, open '/Users/kxiang/work/fhthumbnailtest/package.json'
verbose exit [ 1, true ]
